*googlevideo.com
yt3.ggpht.com
*youtube.com
i.ytimg.com
youtubei.googleapis.com
yt3.ggpht.com
yt3.googleusercontent.com
m.youtube.com
google.com
googleapis.com
gstatic.com
play.google.com
s.youtube.com
www.youtube.com
youtu.be
connectivitycheck.gstatic.com
play.googleapis.com
android.clients.google.com
lh3.googleusercontent.com
youtube-nocookie.com
wide-youtube.l.google.com
ytimg.l.google.com
youtubeembeddedplayer.googleapis.com
instagram.com
cdninstagram.com
z-p42-chat-e2ee-ig.facebook.com
ig.me
instagr.am
igsonar.com
tiktok.com
tiktokcdn.com
tiktokv.com
tiktokcdn-us.com
tiktokv.us
tiktokcdn-eu.com
ttlivecdn.com
pscdn.co
scdn.co
spoti.fi
spotify-everywhere.com
spotify.com
spotify.design
spotifycdn.com
spotifycdn.net
spotifycharts.com
spotifycodes.com
spotifyforbrands.com
spotifyjobs.com
audio-ak-spotify-com.akamaized.net
audio4-ak-spotify-com.akamaized.net
cdn-spotify-experiments.conductrics.com
heads-ak-spotify-com.akamaized.net
heads4-ak-spotify-com.akamaized.net
spotify.com.edgesuite.net
spotify.map.fastly.net
spotify.map.fastlylb.net
